\BOOKMARK [1][-]{section.0.1}{Introduction}{}% 1
\BOOKMARK [2][-]{subsection.0.1.1}{Contexte et objectifs du projet}{section.0.1}% 2
\BOOKMARK [1][-]{section.0.2}{Mise en place du projet}{}% 3
\BOOKMARK [1][-]{section.0.3}{Jeu de la vie}{}% 4
\BOOKMARK [2][-]{subsection.0.3.1}{Principe de fonctionnement}{section.0.3}% 5
\BOOKMARK [2][-]{subsection.0.3.2}{Architecture du programme}{section.0.3}% 6
\BOOKMARK [1][-]{section.0.4}{Fonctionnalit\351s impl\351ment\351es}{}% 7
\BOOKMARK [2][-]{subsection.0.4.1}{Type de voisinage}{section.0.4}% 8
\BOOKMARK [2][-]{subsection.0.4.2}{Type de r\350gles}{section.0.4}% 9
\BOOKMARK [2][-]{subsection.0.4.3}{Patterns}{section.0.4}% 10
\BOOKMARK [2][-]{subsection.0.4.4}{Hashlife}{section.0.4}% 11
\BOOKMARK [2][-]{subsection.0.4.5}{Simulateur}{section.0.4}% 12
\BOOKMARK [2][-]{subsection.0.4.6}{Les autres fonctionnalit\351s}{section.0.4}% 13
\BOOKMARK [1][-]{section.0.5}{Exp\351rimentations et Usages}{}% 14
\BOOKMARK [2][-]{subsection.0.5.1}{Lancement de l'application}{section.0.5}% 15
\BOOKMARK [2][-]{subsection.0.5.2}{Impl\351mentation de l'Interface graphique}{section.0.5}% 16
\BOOKMARK [2][-]{subsection.0.5.3}{Fonctionnement de l'interface graphique}{section.0.5}% 17
\BOOKMARK [2][-]{subsection.0.5.4}{Test du Logiciel}{section.0.5}% 18
\BOOKMARK [1][-]{section.0.6}{Conclusions}{}% 19
\BOOKMARK [2][-]{subsection.0.6.1}{difficult\351s rencontr\351s}{section.0.6}% 20
\BOOKMARK [2][-]{subsection.0.6.2}{Bilan du projet}{section.0.6}% 21
\BOOKMARK [2][-]{subsection.0.6.3}{Am\351liorations Possibles}{section.0.6}% 22
