This is pdfTeX, Version 3.14159265-2.6-1.40.20 (TeX Live 2019/Debian) (preloaded format=pdflatex 2022.8.24)  25 APR 2023 11:47
entering extended mode
 restricted \write18 enabled.
 %&-line parsing enabled.
**main.tex
(./main.tex
LaTeX2e <2020-02-02> patch level 2
L3 programming layer <2020-02-14>
(/usr/share/texlive/texmf-dist/tex/latex/base/report.cls
Document Class: report 2019/12/20 v1.4l Standard LaTeX document class
(/usr/share/texlive/texmf-dist/tex/latex/base/size10.clo
File: size10.clo 2019/12/20 v1.4l Standard LaTeX file (size option)
)
\c@part=\count167
\c@chapter=\count168
\c@section=\count169
\c@subsection=\count170
\c@subsubsection=\count171
\c@paragraph=\count172
\c@subparagraph=\count173
\c@figure=\count174
\c@table=\count175
\abovecaptionskip=\skip47
\belowcaptionskip=\skip48
\bibindent=\dimen134
)
(/usr/share/texlive/texmf-dist/tex/latex/graphics/graphicx.sty
Package: graphicx 2019/11/30 v1.2a Enhanced LaTeX Graphics (DPC,SPQR)

(/usr/share/texlive/texmf-dist/tex/latex/graphics/keyval.sty
Package: keyval 2014/10/28 v1.15 key=value parser (DPC)
\KV@toks@=\toks14
)
(/usr/share/texlive/texmf-dist/tex/latex/graphics/graphics.sty
Package: graphics 2019/11/30 v1.4a Standard LaTeX Graphics (DPC,SPQR)

(/usr/share/texlive/texmf-dist/tex/latex/graphics/trig.sty
Package: trig 2016/01/03 v1.10 sin cos tan (DPC)
)
(/usr/share/texlive/texmf-dist/tex/latex/graphics-cfg/graphics.cfg
File: graphics.cfg 2016/06/04 v1.11 sample graphics configuration
)
Package graphics Info: Driver file: pdftex.def on input line 105.

(/usr/share/texlive/texmf-dist/tex/latex/graphics-def/pdftex.def
File: pdftex.def 2018/01/08 v1.0l Graphics/color driver for pdftex
))
\Gin@req@height=\dimen135
\Gin@req@width=\dimen136
)
(/usr/share/texlive/texmf-dist/tex/latex/amsmath/amsmath.sty
Package: amsmath 2020/01/20 v2.17e AMS math features
\@mathmargin=\skip49

For additional information on amsmath, use the `?' option.
(/usr/share/texlive/texmf-dist/tex/latex/amsmath/amstext.sty
Package: amstext 2000/06/29 v2.01 AMS text

(/usr/share/texlive/texmf-dist/tex/latex/amsmath/amsgen.sty
File: amsgen.sty 1999/11/30 v2.0 generic functions
\@emptytoks=\toks15
\ex@=\dimen137
))
(/usr/share/texlive/texmf-dist/tex/latex/amsmath/amsbsy.sty
Package: amsbsy 1999/11/29 v1.2d Bold Symbols
\pmbraise@=\dimen138
)
(/usr/share/texlive/texmf-dist/tex/latex/amsmath/amsopn.sty
Package: amsopn 2016/03/08 v2.02 operator names
)
\inf@bad=\count176
LaTeX Info: Redefining \frac on input line 227.
\uproot@=\count177
\leftroot@=\count178
LaTeX Info: Redefining \overline on input line 389.
\classnum@=\count179
\DOTSCASE@=\count180
LaTeX Info: Redefining \ldots on input line 486.
LaTeX Info: Redefining \dots on input line 489.
LaTeX Info: Redefining \cdots on input line 610.
\Mathstrutbox@=\box45
\strutbox@=\box46
\big@size=\dimen139
LaTeX Font Info:    Redeclaring font encoding OML on input line 733.
LaTeX Font Info:    Redeclaring font encoding OMS on input line 734.
\macc@depth=\count181
\c@MaxMatrixCols=\count182
\dotsspace@=\muskip16
\c@parentequation=\count183
\dspbrk@lvl=\count184
\tag@help=\toks16
\row@=\count185
\column@=\count186
\maxfields@=\count187
\andhelp@=\toks17
\eqnshift@=\dimen140
\alignsep@=\dimen141
\tagshift@=\dimen142
\tagwidth@=\dimen143
\totwidth@=\dimen144
\lineht@=\dimen145
\@envbody=\toks18
\multlinegap=\skip50
\multlinetaggap=\skip51
\mathdisplay@stack=\toks19
LaTeX Info: Redefining \[ on input line 2859.
LaTeX Info: Redefining \] on input line 2860.
)
(/usr/share/texlive/texmf-dist/tex/latex/hyperref/hyperref.sty
Package: hyperref 2020/01/14 v7.00d Hypertext links for LaTeX

(/usr/share/texlive/texmf-dist/tex/generic/ltxcmds/ltxcmds.sty
Package: ltxcmds 2019/12/15 v1.24 LaTeX kernel commands for general use (HO)
)
(/usr/share/texlive/texmf-dist/tex/generic/iftex/iftex.sty
Package: iftex 2019/11/07 v1.0c TeX engine tests
)
(/usr/share/texlive/texmf-dist/tex/latex/pdftexcmds/pdftexcmds.sty
Package: pdftexcmds 2019/11/24 v0.31 Utility functions of pdfTeX for LuaTeX (HO
)

(/usr/share/texlive/texmf-dist/tex/generic/infwarerr/infwarerr.sty
Package: infwarerr 2019/12/03 v1.5 Providing info/warning/error messages (HO)
)
Package pdftexcmds Info: \pdf@primitive is available.
Package pdftexcmds Info: \pdf@ifprimitive is available.
Package pdftexcmds Info: \pdfdraftmode found.
)
(/usr/share/texlive/texmf-dist/tex/generic/kvsetkeys/kvsetkeys.sty
Package: kvsetkeys 2019/12/15 v1.18 Key value parser (HO)
)
(/usr/share/texlive/texmf-dist/tex/generic/kvdefinekeys/kvdefinekeys.sty
Package: kvdefinekeys 2019-12-19 v1.6 Define keys (HO)
)
(/usr/share/texlive/texmf-dist/tex/generic/pdfescape/pdfescape.sty
Package: pdfescape 2019/12/09 v1.15 Implements pdfTeX's escape features (HO)
)
(/usr/share/texlive/texmf-dist/tex/latex/hycolor/hycolor.sty
Package: hycolor 2020-01-27 v1.10 Color options for hyperref/bookmark (HO)
)
(/usr/share/texlive/texmf-dist/tex/latex/letltxmacro/letltxmacro.sty
Package: letltxmacro 2019/12/03 v1.6 Let assignment for LaTeX macros (HO)
)
(/usr/share/texlive/texmf-dist/tex/latex/auxhook/auxhook.sty
Package: auxhook 2019-12-17 v1.6 Hooks for auxiliary files (HO)
)
(/usr/share/texlive/texmf-dist/tex/latex/kvoptions/kvoptions.sty
Package: kvoptions 2019/11/29 v3.13 Key value format for package options (HO)
)
\@linkdim=\dimen146
\Hy@linkcounter=\count188
\Hy@pagecounter=\count189

(/usr/share/texlive/texmf-dist/tex/latex/hyperref/pd1enc.def
File: pd1enc.def 2020/01/14 v7.00d Hyperref: PDFDocEncoding definition (HO)
Now handling font encoding PD1 ...
... no UTF-8 mapping file for font encoding PD1
)
(/usr/share/texlive/texmf-dist/tex/generic/intcalc/intcalc.sty
Package: intcalc 2019/12/15 v1.3 Expandable calculations with integers (HO)
)
(/usr/share/texlive/texmf-dist/tex/generic/etexcmds/etexcmds.sty
Package: etexcmds 2019/12/15 v1.7 Avoid name clashes with e-TeX commands (HO)
)
\Hy@SavedSpaceFactor=\count190
\pdfmajorversion=\count191
Package hyperref Info: Hyper figures OFF on input line 4547.
Package hyperref Info: Link nesting OFF on input line 4552.
Package hyperref Info: Hyper index ON on input line 4555.
Package hyperref Info: Plain pages OFF on input line 4562.
Package hyperref Info: Backreferencing OFF on input line 4567.
Package hyperref Info: Implicit mode ON; LaTeX internals redefined.
Package hyperref Info: Bookmarks ON on input line 4800.
\c@Hy@tempcnt=\count192

(/usr/share/texlive/texmf-dist/tex/latex/url/url.sty
\Urlmuskip=\muskip17
Package: url 2013/09/16  ver 3.4  Verb mode for urls, etc.
)
LaTeX Info: Redefining \url on input line 5159.
\XeTeXLinkMargin=\dimen147

(/usr/share/texlive/texmf-dist/tex/generic/bitset/bitset.sty
Package: bitset 2019/12/09 v1.3 Handle bit-vector datatype (HO)

(/usr/share/texlive/texmf-dist/tex/generic/bigintcalc/bigintcalc.sty
Package: bigintcalc 2019/12/15 v1.5 Expandable calculations on big integers (HO
)
))
\Fld@menulength=\count193
\Field@Width=\dimen148
\Fld@charsize=\dimen149
Package hyperref Info: Hyper figures OFF on input line 6430.
Package hyperref Info: Link nesting OFF on input line 6435.
Package hyperref Info: Hyper index ON on input line 6438.
Package hyperref Info: backreferencing OFF on input line 6445.
Package hyperref Info: Link coloring OFF on input line 6450.
Package hyperref Info: Link coloring with OCG OFF on input line 6455.
Package hyperref Info: PDF/A mode OFF on input line 6460.
LaTeX Info: Redefining \ref on input line 6500.
LaTeX Info: Redefining \pageref on input line 6504.

(/usr/share/texlive/texmf-dist/tex/generic/atbegshi/atbegshi.sty
Package: atbegshi 2019/12/05 v1.19 At begin shipout hook (HO)
)
\Hy@abspage=\count194
\c@Item=\count195
\c@Hfootnote=\count196
)
Package hyperref Info: Driver (autodetected): hpdftex.

(/usr/share/texlive/texmf-dist/tex/latex/hyperref/hpdftex.def
File: hpdftex.def 2020/01/14 v7.00d Hyperref driver for pdfTeX

(/usr/share/texlive/texmf-dist/tex/latex/atveryend/atveryend.sty
Package: atveryend 2019-12-11 v1.11 Hooks at the very end of document (HO)
Package atveryend Info: \enddocument detected (standard20110627).
)
\Fld@listcount=\count197
\c@bookmark@seq@number=\count198

(/usr/share/texlive/texmf-dist/tex/latex/rerunfilecheck/rerunfilecheck.sty
Package: rerunfilecheck 2019/12/05 v1.9 Rerun checks for auxiliary files (HO)

(/usr/share/texlive/texmf-dist/tex/generic/uniquecounter/uniquecounter.sty
Package: uniquecounter 2019/12/15 v1.4 Provide unlimited unique counter (HO)
)
Package uniquecounter Info: New unique counter `rerunfilecheck' on input line 2
86.
)
\Hy@SectionHShift=\skip52
)
(/usr/share/texlive/texmf-dist/tex/latex/l3backend/l3backend-pdfmode.def
File: l3backend-pdfmode.def 2020-02-03 L3 backend support: PDF mode
\l__kernel_color_stack_int=\count199
\l__pdf_internal_box=\box47
)
No file main.aux.
\openout1 = `main.aux'.

LaTeX Font Info:    Checking defaults for OML/cmm/m/it on input line 10.
LaTeX Font Info:    ... okay on input line 10.
LaTeX Font Info:    Checking defaults for OMS/cmsy/m/n on input line 10.
LaTeX Font Info:    ... okay on input line 10.
LaTeX Font Info:    Checking defaults for OT1/cmr/m/n on input line 10.
LaTeX Font Info:    ... okay on input line 10.
LaTeX Font Info:    Checking defaults for T1/cmr/m/n on input line 10.
LaTeX Font Info:    ... okay on input line 10.
LaTeX Font Info:    Checking defaults for TS1/cmr/m/n on input line 10.
LaTeX Font Info:    ... okay on input line 10.
LaTeX Font Info:    Checking defaults for OMX/cmex/m/n on input line 10.
LaTeX Font Info:    ... okay on input line 10.
LaTeX Font Info:    Checking defaults for U/cmr/m/n on input line 10.
LaTeX Font Info:    ... okay on input line 10.
LaTeX Font Info:    Checking defaults for PD1/pdf/m/n on input line 10.
LaTeX Font Info:    ... okay on input line 10.
(/usr/share/texlive/texmf-dist/tex/context/base/mkii/supp-pdf.mkii
[Loading MPS to PDF converter (version 2006.09.02).]
\scratchcounter=\count266
\scratchdimen=\dimen150
\scratchbox=\box48
\nofMPsegments=\count267
\nofMParguments=\count268
\everyMPshowfont=\toks20
\MPscratchCnt=\count269
\MPscratchDim=\dimen151
\MPnumerator=\count270
\makeMPintoPDFobject=\count271
\everyMPtoPDFconversion=\toks21
) (/usr/share/texlive/texmf-dist/tex/latex/epstopdf-pkg/epstopdf-base.sty
Package: epstopdf-base 2020-01-24 v2.11 Base part for package epstopdf
Package epstopdf-base Info: Redefining graphics rule for `.eps' on input line 4
85.

(/usr/share/texlive/texmf-dist/tex/latex/latexconfig/epstopdf-sys.cfg
File: epstopdf-sys.cfg 2010/07/13 v1.3 Configuration of (r)epstopdf for TeX Liv
e
))
\AtBeginShipoutBox=\box49
Package hyperref Info: Link coloring OFF on input line 10.

(/usr/share/texlive/texmf-dist/tex/latex/hyperref/nameref.sty
Package: nameref 2019/09/16 v2.46 Cross-referencing by name of section

(/usr/share/texlive/texmf-dist/tex/latex/refcount/refcount.sty
Package: refcount 2019/12/15 v3.6 Data extraction from label references (HO)
)
(/usr/share/texlive/texmf-dist/tex/generic/gettitlestring/gettitlestring.sty
Package: gettitlestring 2019/12/15 v1.6 Cleanup title references (HO)
)
\c@section@level=\count272
)
LaTeX Info: Redefining \ref on input line 10.
LaTeX Info: Redefining \pageref on input line 10.
LaTeX Info: Redefining \nameref on input line 10.
\@outlinefile=\write3
\openout3 = `main.out'.


(./title.tex
<images/logo.jpg, id=4, 903.375pt x 298.11375pt>
File: images/logo.jpg Graphic file (type jpg)
<use images/logo.jpg>
Package pdftex.def Info: images/logo.jpg  used on input line 5.
(pdftex.def)             Requested size: 120.7521pt x 39.84787pt.
 [1

{/var/lib/texmf/fonts/map/pdftex/updmap/pdftex.map} <./images/logo.jpg>])
\tf@toc=\write4
\openout4 = `main.toc'.

pdfTeX warning (ext4): destination with the same identifier (name{page.1}) has 
been already used, duplicate ignored
<to be read again> 
                   \relax 
l.17 \newpage
              [1

] (./introduction.tex [2]) (./organisation.tex [3]
Overfull \hbox (30.71687pt too wide) in paragraph at lines 9--10
[]\OT1/cmr/bx/n/10 hashlife \OT1/cmr/m/n/10 : ce sous-package con-tient toutes 
les par-ties li^^Sees ^^Ra l'impl^^Sementation
 []


Overfull \hbox (6.11842pt too wide) in paragraph at lines 10--12
[]\OT1/cmr/bx/n/10 rule\OT1/cmr/m/n/10 :ce sous-package con-tient toutes les pa
r-ties li^^Sees ^^Ra l'impl^^Sementation
 []


Overfull \hbox (34.5839pt too wide) in paragraph at lines 10--12
\OT1/cmr/m/n/10 nalis^^Sees d^^Sefinies par l'utilisateur.il con-tient les clas
ses : "Rule","RuleMulttF",
 []


Overfull \hbox (7.91725pt too wide) in paragraph at lines 16--19
\OT1/cmr/m/n/10 le jeu,elle con-tient les classes "Ab-stractLis-ten-able-Model"
,"ListenableModel"
 []

[4]
<images/package.PNG, id=40, 1796.7125pt x 698.61pt>
File: images/package.PNG Graphic file (type png)
<use images/package.PNG>
Package pdftex.def Info: images/package.PNG  used on input line 30.
(pdftex.def)             Requested size: 455.24408pt x 177.0079pt.

Overfull \hbox (110.24408pt too wide) in paragraph at lines 30--31
[][] 
 []

[5 <./images/package.PNG>]
<images/classes.png, id=46, 2447.1425pt x 1938.24126pt>
File: images/classes.png Graphic file (type png)
<use images/classes.png>
Package pdftex.def Info: images/classes.png  used on input line 37.
(pdftex.def)             Requested size: 483.69684pt x 383.0868pt.

Overfull \hbox (138.69684pt too wide) in paragraph at lines 37--38
[][] 
 []

) (./elementTechnique.tex [6 <./images/classes.png>]
Overfull \hbox (3.53459pt too wide) in paragraph at lines 17--18
\OT1/cmr/m/n/10 une r^^Regle au for-mat \OT1/cmr/bx/n/10 "xy" \OT1/cmr/m/n/10 t
an-dis que la sec-onde classe, nomm^^See \OT1/cmr/bx/n/10 "RuleRangeF"\OT1/cmr/
m/n/10 ,
 []

[7]
<images/image1.jpeg, id=61, 1606.0pt x 835.12pt>
File: images/image1.jpeg Graphic file (type jpg)
<use images/image1.jpeg>
Package pdftex.def Info: images/image1.jpeg  used on input line 35.
(pdftex.def)             Requested size: 369.88582pt x 192.34116pt.

Overfull \hbox (24.88582pt too wide) in paragraph at lines 35--36
[][] 
 []

[8 <./images/image1.jpeg>]
Underfull \hbox (badness 10000) in paragraph at lines 46--47

 []


Underfull \hbox (badness 10000) in paragraph at lines 48--49

 []


Underfull \hbox (badness 10000) in paragraph at lines 50--51

 []


Underfull \hbox (badness 10000) in paragraph at lines 52--53

 []

[9]
Underfull \hbox (badness 10000) in paragraph at lines 54--55

 []


Overfull \hbox (6.61162pt too wide) in paragraph at lines 56--58
\OT1/cmr/m/n/10 La premi^^Rere m^^Sethode "cre-ate" prend en param^^Retre un en
-tier "state" qui repr^^Sesente
 []


Underfull \hbox (badness 10000) in paragraph at lines 56--58

 []


Underfull \hbox (badness 10000) in paragraph at lines 59--61

 []


Underfull \hbox (badness 10000) in paragraph at lines 62--63

 []

[10]
Underfull \hbox (badness 10000) in paragraph at lines 64--65

 []


Underfull \hbox (badness 10000) in paragraph at lines 66--67

 []


Overfull \hbox (17.94507pt too wide) in paragraph at lines 68--69
[]\OT1/cmr/m/n/10 Une m^^Sethode "get-Cen-ter" de la classe "QuadNode" ren-voie
 le n^^[ud "QuadNode"
 []


Overfull \hbox (2.50063pt too wide) in paragraph at lines 68--69
\OT1/cmr/m/n/10 cr^^Seer un nou-veau n^^[ud "QuadNode" avec les sous-n^^[uds "n
orth-East" de "south-
 []


Overfull \hbox (13.83385pt too wide) in paragraph at lines 70--71
\OT1/cmr/m/n/10 courant est une feuille, la m^^Sethode ren-voie sim-ple-ment l'
^^Setat de la cel-lule repr^^Sesent^^See
 []


Underfull \hbox (badness 10000) in paragraph at lines 72--74

 []

[11]
Underfull \hbox (badness 10000) in paragraph at lines 75--76

 []


Underfull \hbox (badness 10000) in paragraph at lines 77--79

 []


Underfull \hbox (badness 10000) in paragraph at lines 80--81

 []


Underfull \hbox (badness 10000) in paragraph at lines 82--83

 []

[12]
Underfull \hbox (badness 10000) in paragraph at lines 84--85

 []


Underfull \hbox (badness 10000) in paragraph at lines 86--87

 []

[13]
Overfull \hbox (10.12622pt too wide) in paragraph at lines 93--101
\OT1/cmr/m/n/10 pour \OT1/cmr/bx/n/10 arr^eter la sim-u-la-tion\OT1/cmr/m/n/10 
, il suf-fit de stop-per le thread de cal-cul des g^^Sen^^Serations.
 []

) (./experimentation.tex
Overfull \hbox (6.19415pt too wide) in paragraph at lines 8--9
[]\OT1/cmr/m/n/10 Lancer l'application avec l'interface graphique: ex^^Secuter 
[][]\OT1/cmtt/m/n/10 ant runInterface 
 []

(./interface.tex [14])
<images/image0.JPG, id=100, 1606.0pt x 833.1125pt>
File: images/image0.JPG Graphic file (type jpg)
<use images/image0.JPG>
Package pdftex.def Info: images/image0.JPG  used on input line 22.
(pdftex.def)             Requested size: 312.9803pt x 162.36093pt.


LaTeX Warning: `h' float specifier changed to `ht'.


Overfull \hbox (73.30634pt too wide) in paragraph at lines 29--30
\OT1/cmr/m/n/10 sim-u-la-tion, avancer/reculer(next/back) d'une g^^Sen^^Seratio
n, acc^^Sel^^Serer/ralentir(rapide/reculer)
 []

[15] [16 <./images/image0.JPG>]
<images/image2.jpeg, id=116, 1606.0pt x 835.12pt>
File: images/image2.jpeg Graphic file (type jpg)
<use images/image2.jpeg>
Package pdftex.def Info: images/image2.jpeg  used on input line 40.
(pdftex.def)             Requested size: 312.9803pt x 162.75217pt.
<images/image4.jpeg, id=117, 1606.0pt x 835.12pt>
File: images/image4.jpeg Graphic file (type jpg)
<use images/image4.jpeg>
Package pdftex.def Info: images/image4.jpeg  used on input line 46.
(pdftex.def)             Requested size: 312.9803pt x 162.75217pt.
 [17 <./images/image2.jpeg> <./images/image4.jpeg>]
<images/image3.jpeg, id=124, 1606.0pt x 835.12pt>
File: images/image3.jpeg Graphic file (type jpg)
<use images/image3.jpeg>
Package pdftex.def Info: images/image3.jpeg  used on input line 52.
(pdftex.def)             Requested size: 312.9803pt x 162.75217pt.
<images/image5.JPG, id=125, 1606.0pt x 833.1125pt>
File: images/image5.JPG Graphic file (type jpg)
<use images/image5.JPG>
Package pdftex.def Info: images/image5.JPG  used on input line 57.
(pdftex.def)             Requested size: 312.9803pt x 162.36093pt.
 [18 <./images/image3.jpeg> <./images/image5.JPG>]
<images/Capture dՎcran de 2023-04-20 21-15-04.png, id=134, 788.9475pt x 534
.99875pt>
File: images/Capture dՎcran de 2023-04-20 21-15-04.png Graphic file (type p
ng)
<use images/Capture dՎcran de 2023-04-20 21-15-04.png>
Package pdftex.def Info: images/Capture dՎcran de 2023-04-20 21-15-04.png  
used on input line 65.
(pdftex.def)             Requested size: 312.9803pt x 212.2324pt.
) (./conclusion.tex
[19 <./images/Capture dՎcran de 2023-04-20 21-15-04.png>]
Overfull \hbox (0.91725pt too wide) in paragraph at lines 16--17
[]\OT1/cmr/m/n/10 Tout d'abord, une am^^Selioration int^^Seressante serait de p
er-me-t-tre ^^Ra l'utilisateur
 []


Overfull \hbox (4.50064pt too wide) in paragraph at lines 16--17
\OT1/cmr/m/n/10 tion fa-cilit-erait la s^^Selection des voisins et am^^Seliorer
ait l'ergonomie de l'application. 
 []

)
No file main.bbl.

LaTeX Warning: Citation `mind' undefined on input line 26.


LaTeX Warning: Citation `Golly' undefined on input line 27.


LaTeX Warning: Citation `Mathmatique' undefined on input line 28.


LaTeX Warning: Citation `WIKIPEDIA' undefined on input line 29.


LaTeX Warning: Citation `WIKIP' undefined on input line 30.

Package atveryend Info: Empty hook `BeforeClearDocument' on input line 33.
[20]
Package atveryend Info: Empty hook `AfterLastShipout' on input line 33.
 (./main.aux)
Package atveryend Info: Executing hook `AtVeryEndDocument' on input line 33.
Package atveryend Info: Executing hook `AtEndAfterFileList' on input line 33.


Package rerunfilecheck Warning: File `main.out' has changed.
(rerunfilecheck)                Rerun to get outlines right
(rerunfilecheck)                or use package `bookmark'.

Package rerunfilecheck Info: Checksums for `main.out':
(rerunfilecheck)             Before: <no file>
(rerunfilecheck)             After:  70A22F1F68568F3ED9F58AC6D963742E;1571.

LaTeX Warning: There were undefined references.

Package atveryend Info: Empty hook `AtVeryVeryEnd' on input line 33.
 ) 
Here is how much of TeX's memory you used:
 5956 strings out of 481239
 89623 string characters out of 5920377
 353737 words of memory out of 5000000
 21050 multiletter control sequences out of 15000+600000
 537935 words of font info for 43 fonts, out of 8000000 for 9000
 1141 hyphenation exceptions out of 8191
 34i,6n,32p,1357b,395s stack positions out of 5000i,500n,10000p,200000b,80000s
{/usr/share/texmf/fonts/enc/dvips/cm-super/cm-super-ts1.enc}</usr/share/texli
ve/texmf-dist/fonts/type1/public/amsfonts/cm/cmbx10.pfb></usr/share/texlive/tex
mf-dist/fonts/type1/public/amsfonts/cm/cmbx12.pfb></usr/share/texlive/texmf-dis
t/fonts/type1/public/amsfonts/cm/cmbxti10.pfb></usr/share/texlive/texmf-dist/fo
nts/type1/public/amsfonts/cm/cmcsc10.pfb></usr/share/texlive/texmf-dist/fonts/t
ype1/public/amsfonts/cm/cmr10.pfb></usr/share/texlive/texmf-dist/fonts/type1/pu
blic/amsfonts/cm/cmr12.pfb></usr/share/texlive/texmf-dist/fonts/type1/public/am
sfonts/cm/cmtt10.pfb></usr/share/texmf/fonts/type1/public/cm-super/sfrm1000.pfb
>
Output written on main.pdf (21 pages, 2663849 bytes).
PDF statistics:
 193 PDF objects out of 1000 (max. 8388607)
 149 compressed objects within 2 object streams
 60 named destinations out of 1000 (max. 500000)
 51 words of extra memory for PDF output out of 10000 (max. 10000000)

